<?xml version="1.0" encoding="UTF-8"?>
<!-- Generated by org.testng.reporters.JUnitReportReporter -->
<testsuite hostname="Bharani" failures="0" tests="2" name="com.testng.annotations.Annotations" time="0.009" errors="0" timestamp="2025-05-12T10:10:20 MYT" skipped="0">
  <testcase classname="com.testng.annotations.Annotations" name="executingtheTestcase1" time="0.005"/>
  <testcase classname="com.testng.annotations.Annotations" name="executingtheTestcase2" time="0.004"/>
</testsuite> <!-- com.testng.annotations.Annotations -->
