<?xml version="1.0" encoding="UTF-8"?>
<!-- Generated by org.testng.reporters.JUnitReportReporter -->
<testsuite hostname="Bharani" failures="0" tests="2" name="com.testng.annotations.Annotations" time="0.007" errors="0" timestamp="2025-05-11T19:51:11 MYT" skipped="0">
  <testcase classname="com.testng.annotations.Annotations" name="executingtheTestcase1" time="0.004"/>
  <testcase classname="com.testng.annotations.Annotations" name="executingtheTestcase2" time="0.003"/>
</testsuite> <!-- com.testng.annotations.Annotations -->
